# Number of particles =            512
# Box side            =          8.445
# Time step           =      2.000E-03
#
#     Step          Epot          Temp          Ekin          Etot
#-----------------------------------------------------------------
        20 -1.282833E+03  4.079587E+00  3.133123E+03  1.850290E+03
        40 -1.268381E+03  4.060775E+00  3.118675E+03  1.850294E+03
        60 -1.338994E+03  4.152290E+00  3.188958E+03  1.849964E+03
        80 -1.251119E+03  4.038258E+00  3.101382E+03  1.850263E+03
       100 -1.255689E+03  4.044000E+00  3.105792E+03  1.850103E+03
       120 -1.393452E+03  4.223601E+00  3.243726E+03  1.850274E+03
       140 -1.359012E+03  4.178888E+00  3.209386E+03  1.850373E+03
       160 -1.206410E+03  3.980092E+00  3.056710E+03  1.850300E+03
       180 -1.367257E+03  4.189377E+00  3.217441E+03  1.850185E+03
       200 -1.267715E+03  4.059764E+00  3.117899E+03  1.850184E+03
       220 -1.281888E+03  4.077954E+00  3.131869E+03  1.849981E+03
       240 -1.249319E+03  4.035906E+00  3.099576E+03  1.850257E+03
       260 -1.369389E+03  4.192316E+00  3.219699E+03  1.850310E+03
       280 -1.381372E+03  4.207926E+00  3.231687E+03  1.850315E+03
       300 -1.409311E+03  4.244123E+00  3.259486E+03  1.850175E+03
       320 -1.371572E+03  4.195111E+00  3.221845E+03  1.850273E+03
       340 -1.329767E+03  4.140614E+00  3.179992E+03  1.850224E+03
       360 -1.144616E+03  3.899675E+00  2.994950E+03  1.850335E+03
       380 -1.329978E+03  4.140687E+00  3.180048E+03  1.850070E+03
       400 -1.326000E+03  4.135497E+00  3.176061E+03  1.850061E+03
       420 -1.283843E+03  4.080675E+00  3.133959E+03  1.850115E+03
       440 -1.272639E+03  4.066526E+00  3.123092E+03  1.850453E+03
       460 -1.379741E+03  4.205703E+00  3.229980E+03  1.850239E+03
       480 -1.193301E+03  3.962915E+00  3.043518E+03  1.850217E+03
       500 -1.263963E+03  4.054970E+00  3.114217E+03  1.850254E+03
       520 -1.220857E+03  3.998737E+00  3.071030E+03  1.850173E+03
       540 -1.221321E+03  3.999435E+00  3.071566E+03  1.850245E+03
       560 -1.294490E+03  4.094571E+00  3.144630E+03  1.850140E+03
       580 -1.357315E+03  4.176274E+00  3.207378E+03  1.850064E+03
       600 -1.334873E+03  4.147179E+00  3.185034E+03  1.850160E+03
       620 -1.252509E+03  4.040140E+00  3.102827E+03  1.850318E+03
       640 -1.286221E+03  4.084071E+00  3.136567E+03  1.850346E+03
       660 -1.241654E+03  4.025980E+00  3.091953E+03  1.850298E+03
       680 -1.337294E+03  4.150481E+00  3.187570E+03  1.850276E+03
       700 -1.238348E+03  4.021662E+00  3.088637E+03  1.850288E+03
       720 -1.210089E+03  3.984830E+00  3.060349E+03  1.850260E+03
       740 -1.205674E+03  3.978971E+00  3.055850E+03  1.850175E+03
       760 -1.307806E+03  4.111828E+00  3.157884E+03  1.850078E+03
       780 -1.263794E+03  4.054742E+00  3.114041E+03  1.850247E+03
       800 -1.235040E+03  4.017262E+00  3.085257E+03  1.850218E+03
       820 -1.427427E+03  4.267632E+00  3.277541E+03  1.850114E+03
       840 -1.393229E+03  4.222909E+00  3.243194E+03  1.849965E+03
       860 -1.256864E+03  4.045691E+00  3.107091E+03  1.850227E+03
       880 -1.295730E+03  4.096203E+00  3.145884E+03  1.850154E+03
       900 -1.259766E+03  4.049755E+00  3.110212E+03  1.850446E+03
       920 -1.262408E+03  4.052922E+00  3.112644E+03  1.850236E+03
       940 -1.318568E+03  4.126203E+00  3.168924E+03  1.850356E+03
       960 -1.404214E+03  4.237666E+00  3.254528E+03  1.850314E+03
       980 -1.164320E+03  3.925322E+00  3.014648E+03  1.850327E+03
      1000 -1.337660E+03  4.150964E+00  3.187941E+03  1.850280E+03
      1020 -1.296502E+03  4.097231E+00  3.146673E+03  1.850172E+03
      1040 -1.307972E+03  4.112118E+00  3.158106E+03  1.850134E+03
      1060 -1.346489E+03  4.162518E+00  3.196813E+03  1.850324E+03
      1080 -1.381927E+03  4.208310E+00  3.231982E+03  1.850055E+03
      1100 -1.229854E+03  4.010592E+00  3.080134E+03  1.850281E+03
      1120 -1.227835E+03  4.008105E+00  3.078225E+03  1.850389E+03
      1140 -1.312144E+03  4.117681E+00  3.162379E+03  1.850235E+03
      1160 -1.278322E+03  4.073657E+00  3.128568E+03  1.850246E+03
      1180 -1.229682E+03  4.010160E+00  3.079803E+03  1.850121E+03
      1200 -1.309536E+03  4.114274E+00  3.159763E+03  1.850227E+03
      1220 -1.339487E+03  4.153046E+00  3.189539E+03  1.850052E+03
      1240 -1.350232E+03  4.167206E+00  3.200415E+03  1.850182E+03
      1260 -1.346925E+03  4.162706E+00  3.196958E+03  1.850033E+03
      1280 -1.252597E+03  4.040127E+00  3.102817E+03  1.850221E+03
      1300 -1.296007E+03  4.096831E+00  3.146366E+03  1.850359E+03
      1320 -1.347390E+03  4.163790E+00  3.197791E+03  1.850401E+03
      1340 -1.352024E+03  4.169763E+00  3.202378E+03  1.850354E+03
      1360 -1.307978E+03  4.112420E+00  3.158339E+03  1.850361E+03
      1380 -1.302370E+03  4.105055E+00  3.152682E+03  1.850312E+03
      1400 -1.318536E+03  4.126173E+00  3.168901E+03  1.850364E+03
      1420 -1.347946E+03  4.164259E+00  3.198151E+03  1.850205E+03
      1440 -1.296769E+03  4.097462E+00  3.146851E+03  1.850082E+03
      1460 -1.298723E+03  4.100214E+00  3.148964E+03  1.850241E+03
      1480 -1.281207E+03  4.077272E+00  3.131345E+03  1.850138E+03
      1500 -1.269628E+03  4.062464E+00  3.119972E+03  1.850344E+03
      1520 -1.382925E+03  4.209699E+00  3.233049E+03  1.850124E+03
      1540 -1.256287E+03  4.045200E+00  3.106713E+03  1.850426E+03
      1560 -1.169410E+03  3.932029E+00  3.019798E+03  1.850389E+03
      1580 -1.300917E+03  4.103281E+00  3.151320E+03  1.850403E+03
      1600 -1.344246E+03  4.159325E+00  3.194361E+03  1.850115E+03
      1620 -1.269594E+03  4.062322E+00  3.119863E+03  1.850269E+03
      1640 -1.292997E+03  4.092908E+00  3.143354E+03  1.850357E+03
      1660 -1.377788E+03  4.203140E+00  3.228011E+03  1.850223E+03
      1680 -1.388793E+03  4.217505E+00  3.239044E+03  1.850251E+03
      1700 -1.341520E+03  4.155869E+00  3.191707E+03  1.850187E+03
      1720 -1.346618E+03  4.162520E+00  3.196815E+03  1.850197E+03
      1740 -1.271627E+03  4.064761E+00  3.121736E+03  1.850109E+03
      1760 -1.309902E+03  4.114685E+00  3.160078E+03  1.850176E+03
      1780 -1.233215E+03  4.014981E+00  3.083505E+03  1.850291E+03
      1800 -1.326841E+03  4.136890E+00  3.177132E+03  1.850291E+03
      1820 -1.503240E+03  4.366458E+00  3.353440E+03  1.850199E+03
      1840 -1.259872E+03  4.049831E+00  3.110270E+03  1.850398E+03
      1860 -1.255606E+03  4.044185E+00  3.105934E+03  1.850328E+03
      1880 -1.275019E+03  4.069231E+00  3.125170E+03  1.850151E+03
      1900 -1.337941E+03  4.151179E+00  3.188106E+03  1.850165E+03
      1920 -1.083288E+03  3.819991E+00  2.933753E+03  1.850465E+03
      1940 -1.199704E+03  3.971545E+00  3.050147E+03  1.850443E+03
      1960 -1.247110E+03  4.032987E+00  3.097334E+03  1.850224E+03
      1980 -1.433966E+03  4.276202E+00  3.284123E+03  1.850157E+03
      2000 -1.485199E+03  4.343075E+00  3.335481E+03  1.850283E+03
